Determining if the pthread_create exist failed with the following output:
Change Dir: /home/ayush/catkin_ws/src/beginner_tutorials/CMakeFiles/CMakeTmp

Run Build Command:/usr/bin/make "cmTryCompileExec2210419392/fast"
/usr/bin/make -f CMakeFiles/cmTryCompileExec2210419392.dir/build.make CMakeFiles/cmTryCompileExec2210419392.dir/build
make[1]: Entering directory `/home/ayush/catkin_ws/src/beginner_tutorials/CMakeFiles/CMakeTmp'
/usr/bin/cmake -E cmake_progress_report /home/ayush/catkin_ws/src/beginner_tutorials/CMakeFiles/CMakeTmp/CMakeFiles 1
Building C object CMakeFiles/cmTryCompileExec2210419392.dir/CheckSymbolExists.c.o
/usr/bin/cc    -o CMakeFiles/cmTryCompileExec2210419392.dir/CheckSymbolExists.c.o   -c /home/ayush/catkin_ws/src/beginner_tutorials/CMakeFiles/CMakeTmp/CheckSymbolExists.c
Linking C executable cmTryCompileExec2210419392
/usr/bin/cmake -E cmake_link_script CMakeFiles/cmTryCompileExec2210419392.dir/link.txt --verbose=1
/usr/bin/cc       CMakeFiles/cmTryCompileExec2210419392.dir/CheckSymbolExists.c.o  -o cmTryCompileExec2210419392 -rdynamic 
CMakeFiles/cmTryCompileExec2210419392.dir/CheckSymbolExists.c.o: In function `main':
CheckSymbolExists.c:(.text+0x16): undefined reference to `pthread_create'
collect2: error: ld returned 1 exit status
make[1]: *** [cmTryCompileExec2210419392] Error 1
make[1]: Leaving directory `/home/ayush/catkin_ws/src/beginner_tutorials/CMakeFiles/CMakeTmp'
make: *** [cmTryCompileExec2210419392/fast] Error 2

File /home/ayush/catkin_ws/src/beginner_tutorials/CMakeFiles/CMakeTmp/CheckSymbolExists.c:
/* */
#include <pthread.h>

int main(int argc, char** argv)
{
  (void)argv;
#ifndef pthread_create
  return ((int*)(&pthread_create))[argc];
#else
  (void)argc;
  return 0;
#endif
}

Determining if the function pthread_create exists in the pthreads failed with the following output:
Change Dir: /home/ayush/catkin_ws/src/beginner_tutorials/CMakeFiles/CMakeTmp

Run Build Command:/usr/bin/make "cmTryCompileExec2955040242/fast"
/usr/bin/make -f CMakeFiles/cmTryCompileExec2955040242.dir/build.make CMakeFiles/cmTryCompileExec2955040242.dir/build
make[1]: Entering directory `/home/ayush/catkin_ws/src/beginner_tutorials/CMakeFiles/CMakeTmp'
/usr/bin/cmake -E cmake_progress_report /home/ayush/catkin_ws/src/beginner_tutorials/CMakeFiles/CMakeTmp/CMakeFiles 1
Building C object CMakeFiles/cmTryCompileExec2955040242.dir/CheckFunctionExists.c.o
/usr/bin/cc   -DCHECK_FUNCTION_EXISTS=pthread_create   -o CMakeFiles/cmTryCompileExec2955040242.dir/CheckFunctionExists.c.o   -c /usr/share/cmake-2.8/Modules/CheckFunctionExists.c
Linking C executable cmTryCompileExec2955040242
/usr/bin/cmake -E cmake_link_script CMakeFiles/cmTryCompileExec2955040242.dir/link.txt --verbose=1
/usr/bin/cc   -DCHECK_FUNCTION_EXISTS=pthread_create    CMakeFiles/cmTryCompileExec2955040242.dir/CheckFunctionExists.c.o  -o cmTryCompileExec2955040242 -rdynamic -lpthreads 
/usr/bin/ld: cannot find -lpthreads
collect2: error: ld returned 1 exit status
make[1]: *** [cmTryCompileExec2955040242] Error 1
make[1]: Leaving directory `/home/ayush/catkin_ws/src/beginner_tutorials/CMakeFiles/CMakeTmp'
make: *** [cmTryCompileExec2955040242/fast] Error 2


